2021-04-18 20:39:56.487 [main] INFO  com.zt.edu.TeaApplication - Starting TeaApplication on DESKTOP-O7LVAPG with PID 19680 (F:\IdeaFile\IdeaFile1\bishe_parent\service\service_edu\target\classes started by 26225 in F:\IdeaFile\IdeaFile1\bishe_parent)
2021-04-18 20:39:56.502 [main] INFO  com.zt.edu.TeaApplication - The following profiles are active: dev
2021-04-18 20:41:04.607 [main] INFO  com.zt.edu.TeaApplication - Starting TeaApplication on DESKTOP-O7LVAPG with PID 16096 (F:\IdeaFile\IdeaFile1\bishe_parent\service\service_edu\target\classes started by 26225 in F:\IdeaFile\IdeaFile1\bishe_parent)
2021-04-18 20:41:04.623 [main] INFO  com.zt.edu.TeaApplication - The following profiles are active: dev
2021-04-18 20:41:06.138 [main] INFO  o.s.d.r.config.RepositoryConfigurationDelegate - Multiple Spring Data modules found, entering strict repository configuration mode!
2021-04-18 20:41:06.154 [main] INFO  o.s.d.r.config.RepositoryConfigurationDelegate - Bootstrapping Spring Data repositories in DEFAULT mode.
2021-04-18 20:41:06.185 [main] INFO  o.s.d.r.config.RepositoryConfigurationDelegate - Finished Spring Data repository scanning in 11ms. Found 0 repository interfaces.
2021-04-18 20:41:06.486 [main] INFO  o.s.c.s.PostProcessorRegistrationDelegate$BeanPostProcessorChecker - Bean 'org.springframework.transaction.annotation.ProxyTransactionManagementConfiguration' of type [org.springframework.transaction.annotation.ProxyTransactionManagementConfiguration] is not eligible for getting processed by all BeanPostProcessors (for example: not eligible for auto-proxying)
2021-04-18 20:41:06.845 [main] INFO  o.s.boot.web.embedded.tomcat.TomcatWebServer - Tomcat initialized with port(s): 8001 (http)
2021-04-18 20:41:06.845 [main] INFO  org.apache.coyote.http11.Http11NioProtocol - Initializing ProtocolHandler ["http-nio-8001"]
2021-04-18 20:41:06.845 [main] INFO  org.apache.catalina.core.StandardService - Starting service [Tomcat]
2021-04-18 20:41:06.845 [main] INFO  org.apache.catalina.core.StandardEngine - Starting Servlet engine: [Apache Tomcat/9.0.27]
2021-04-18 20:41:06.955 [main] INFO  o.a.c.core.ContainerBase.[Tomcat].[localhost].[/] - Initializing Spring embedded WebApplicationContext
2021-04-18 20:41:06.955 [main] INFO  org.springframework.web.context.ContextLoader - Root WebApplicationContext: initialization completed in 2004 ms
2021-04-18 20:41:07.205 [main] INFO  com.zaxxer.hikari.HikariDataSource - HikariPool-1 - Starting...
2021-04-18 20:41:07.580 [main] INFO  com.zaxxer.hikari.HikariDataSource - HikariPool-1 - Start completed.
2021-04-18 20:41:08.142 [main] INFO  s.d.s.w.PropertySourcedRequestMappingHandlerMapping - Mapped URL path [/v2/api-docs] onto method [springfox.documentation.swagger2.web.Swagger2Controller#getDocumentation(String, HttpServletRequest)]
2021-04-18 20:41:08.251 [main] INFO  o.s.scheduling.concurrent.ThreadPoolTaskExecutor - Initializing ExecutorService 'applicationTaskExecutor'
2021-04-18 20:41:08.830 [main] INFO  s.d.s.web.plugins.DocumentationPluginsBootstrapper - Context refreshed
2021-04-18 20:41:08.846 [main] INFO  s.d.s.web.plugins.DocumentationPluginsBootstrapper - Found 1 custom documentation plugin(s)
2021-04-18 20:41:08.892 [main] INFO  s.d.spring.web.scanners.ApiListingReferenceScanner - Scanning for api listing references
2021-04-18 20:41:09.096 [main] INFO  org.apache.coyote.http11.Http11NioProtocol - Starting ProtocolHandler ["http-nio-8001"]
2021-04-18 20:41:09.127 [main] INFO  o.s.boot.web.embedded.tomcat.TomcatWebServer - Tomcat started on port(s): 8001 (http) with context path ''
2021-04-18 20:41:09.127 [main] INFO  com.zt.edu.TeaApplication - Started TeaApplication in 5.651 seconds (JVM running for 7.325)
2021-04-18 20:50:04.114 [http-nio-8001-exec-1] INFO  o.a.c.core.ContainerBase.[Tomcat].[localhost].[/] - Initializing Spring DispatcherServlet 'dispatcherServlet'
2021-04-18 20:50:04.114 [http-nio-8001-exec-1] INFO  org.springframework.web.servlet.DispatcherServlet - Initializing Servlet 'dispatcherServlet'
2021-04-18 20:50:04.123 [http-nio-8001-exec-1] INFO  org.springframework.web.servlet.DispatcherServlet - Completed initialization in 9 ms
2021-04-18 21:11:20.381 [main] INFO  com.zt.edu.TeaApplication - Starting TeaApplication on DESKTOP-O7LVAPG with PID 7628 (F:\IdeaFile\IdeaFile1\bishe_parent\service\service_edu\target\classes started by 26225 in F:\IdeaFile\IdeaFile1\bishe_parent)
2021-04-18 21:11:20.381 [main] INFO  com.zt.edu.TeaApplication - The following profiles are active: dev
2021-04-18 21:11:21.729 [main] INFO  o.s.d.r.config.RepositoryConfigurationDelegate - Multiple Spring Data modules found, entering strict repository configuration mode!
2021-04-18 21:11:21.729 [main] INFO  o.s.d.r.config.RepositoryConfigurationDelegate - Bootstrapping Spring Data repositories in DEFAULT mode.
2021-04-18 21:11:21.760 [main] INFO  o.s.d.r.config.RepositoryConfigurationDelegate - Finished Spring Data repository scanning in 9ms. Found 0 repository interfaces.
2021-04-18 21:11:22.041 [main] INFO  o.s.c.s.PostProcessorRegistrationDelegate$BeanPostProcessorChecker - Bean 'org.springframework.transaction.annotation.ProxyTransactionManagementConfiguration' of type [org.springframework.transaction.annotation.ProxyTransactionManagementConfiguration] is not eligible for getting processed by all BeanPostProcessors (for example: not eligible for auto-proxying)
2021-04-18 21:11:22.291 [main] INFO  o.s.boot.web.embedded.tomcat.TomcatWebServer - Tomcat initialized with port(s): 8001 (http)
2021-04-18 21:11:22.291 [main] INFO  org.apache.coyote.http11.Http11NioProtocol - Initializing ProtocolHandler ["http-nio-8001"]
2021-04-18 21:11:22.291 [main] INFO  org.apache.catalina.core.StandardService - Starting service [Tomcat]
2021-04-18 21:11:22.291 [main] INFO  org.apache.catalina.core.StandardEngine - Starting Servlet engine: [Apache Tomcat/9.0.27]
2021-04-18 21:11:22.401 [main] INFO  o.a.c.core.ContainerBase.[Tomcat].[localhost].[/] - Initializing Spring embedded WebApplicationContext
2021-04-18 21:11:22.401 [main] INFO  org.springframework.web.context.ContextLoader - Root WebApplicationContext: initialization completed in 1942 ms
2021-04-18 21:11:22.604 [main] INFO  com.zaxxer.hikari.HikariDataSource - HikariPool-1 - Starting...
2021-04-18 21:11:22.791 [main] INFO  com.zaxxer.hikari.HikariDataSource - HikariPool-1 - Start completed.
2021-04-18 21:11:23.275 [main] INFO  s.d.s.w.PropertySourcedRequestMappingHandlerMapping - Mapped URL path [/v2/api-docs] onto method [springfox.documentation.swagger2.web.Swagger2Controller#getDocumentation(String, HttpServletRequest)]
2021-04-18 21:11:23.385 [main] INFO  o.s.scheduling.concurrent.ThreadPoolTaskExecutor - Initializing ExecutorService 'applicationTaskExecutor'
2021-04-18 21:11:23.838 [main] INFO  s.d.s.web.plugins.DocumentationPluginsBootstrapper - Context refreshed
2021-04-18 21:11:23.853 [main] INFO  s.d.s.web.plugins.DocumentationPluginsBootstrapper - Found 1 custom documentation plugin(s)
2021-04-18 21:11:23.885 [main] INFO  s.d.spring.web.scanners.ApiListingReferenceScanner - Scanning for api listing references
2021-04-18 21:11:24.103 [main] INFO  org.apache.coyote.http11.Http11NioProtocol - Starting ProtocolHandler ["http-nio-8001"]
2021-04-18 21:11:24.120 [main] INFO  o.s.boot.web.embedded.tomcat.TomcatWebServer - Tomcat started on port(s): 8001 (http) with context path ''
2021-04-18 21:11:24.120 [main] INFO  com.zt.edu.TeaApplication - Started TeaApplication in 4.574 seconds (JVM running for 6.386)
2021-04-18 21:12:20.892 [http-nio-8001-exec-1] INFO  o.a.c.core.ContainerBase.[Tomcat].[localhost].[/] - Initializing Spring DispatcherServlet 'dispatcherServlet'
2021-04-18 21:12:20.892 [http-nio-8001-exec-1] INFO  org.springframework.web.servlet.DispatcherServlet - Initializing Servlet 'dispatcherServlet'
2021-04-18 21:12:20.907 [http-nio-8001-exec-1] INFO  org.springframework.web.servlet.DispatcherServlet - Completed initialization in 15 ms
2021-04-18 21:16:29.422 [main] INFO  com.zt.edu.TeaApplication - Starting TeaApplication on DESKTOP-O7LVAPG with PID 15132 (F:\IdeaFile\IdeaFile1\bishe_parent\service\service_edu\target\classes started by 26225 in F:\IdeaFile\IdeaFile1\bishe_parent)
2021-04-18 21:16:29.426 [main] INFO  com.zt.edu.TeaApplication - The following profiles are active: dev
2021-04-18 21:16:30.711 [main] INFO  o.s.d.r.config.RepositoryConfigurationDelegate - Multiple Spring Data modules found, entering strict repository configuration mode!
2021-04-18 21:16:30.714 [main] INFO  o.s.d.r.config.RepositoryConfigurationDelegate - Bootstrapping Spring Data repositories in DEFAULT mode.
2021-04-18 21:16:30.740 [main] INFO  o.s.d.r.config.RepositoryConfigurationDelegate - Finished Spring Data repository scanning in 10ms. Found 0 repository interfaces.
2021-04-18 21:16:31.063 [main] INFO  o.s.c.s.PostProcessorRegistrationDelegate$BeanPostProcessorChecker - Bean 'org.springframework.transaction.annotation.ProxyTransactionManagementConfiguration' of type [org.springframework.transaction.annotation.ProxyTransactionManagementConfiguration] is not eligible for getting processed by all BeanPostProcessors (for example: not eligible for auto-proxying)
2021-04-18 21:16:31.311 [main] INFO  o.s.boot.web.embedded.tomcat.TomcatWebServer - Tomcat initialized with port(s): 8001 (http)
2021-04-18 21:16:31.329 [main] INFO  org.apache.coyote.http11.Http11NioProtocol - Initializing ProtocolHandler ["http-nio-8001"]
2021-04-18 21:16:31.331 [main] INFO  org.apache.catalina.core.StandardService - Starting service [Tomcat]
2021-04-18 21:16:31.332 [main] INFO  org.apache.catalina.core.StandardEngine - Starting Servlet engine: [Apache Tomcat/9.0.27]
2021-04-18 21:16:31.433 [main] INFO  o.a.c.core.ContainerBase.[Tomcat].[localhost].[/] - Initializing Spring embedded WebApplicationContext
2021-04-18 21:16:31.439 [main] INFO  org.springframework.web.context.ContextLoader - Root WebApplicationContext: initialization completed in 1948 ms
2021-04-18 21:16:31.673 [main] INFO  com.zaxxer.hikari.HikariDataSource - HikariPool-1 - Starting...
2021-04-18 21:16:31.875 [main] INFO  com.zaxxer.hikari.HikariDataSource - HikariPool-1 - Start completed.
2021-04-18 21:16:32.340 [main] INFO  s.d.s.w.PropertySourcedRequestMappingHandlerMapping - Mapped URL path [/v2/api-docs] onto method [springfox.documentation.swagger2.web.Swagger2Controller#getDocumentation(String, HttpServletRequest)]
2021-04-18 21:16:32.442 [main] INFO  o.s.scheduling.concurrent.ThreadPoolTaskExecutor - Initializing ExecutorService 'applicationTaskExecutor'
2021-04-18 21:16:32.915 [main] INFO  s.d.s.web.plugins.DocumentationPluginsBootstrapper - Context refreshed
2021-04-18 21:16:32.919 [main] INFO  s.d.s.web.plugins.DocumentationPluginsBootstrapper - Found 1 custom documentation plugin(s)
2021-04-18 21:16:32.964 [main] INFO  s.d.spring.web.scanners.ApiListingReferenceScanner - Scanning for api listing references
2021-04-18 21:16:33.165 [main] INFO  org.apache.coyote.http11.Http11NioProtocol - Starting ProtocolHandler ["http-nio-8001"]
2021-04-18 21:16:33.190 [main] INFO  o.s.boot.web.embedded.tomcat.TomcatWebServer - Tomcat started on port(s): 8001 (http) with context path ''
2021-04-18 21:16:33.192 [main] INFO  com.zt.edu.TeaApplication - Started TeaApplication in 4.589 seconds (JVM running for 6.188)
2021-04-18 21:17:20.154 [http-nio-8001-exec-1] INFO  o.a.c.core.ContainerBase.[Tomcat].[localhost].[/] - Initializing Spring DispatcherServlet 'dispatcherServlet'
2021-04-18 21:17:20.156 [http-nio-8001-exec-1] INFO  org.springframework.web.servlet.DispatcherServlet - Initializing Servlet 'dispatcherServlet'
2021-04-18 21:17:20.185 [http-nio-8001-exec-1] INFO  org.springframework.web.servlet.DispatcherServlet - Completed initialization in 28 ms
