2021-04-24 15:55:10.537 [main] INFO  com.zt.edu.TeaApplication - Starting TeaApplication on DESKTOP-O7LVAPG with PID 18084 (F:\IdeaFile\IdeaFile1\bishe_parent\service\service_edu\target\classes started by 26225 in F:\IdeaFile\IdeaFile1\bishe_parent)
2021-04-24 15:55:10.552 [main] INFO  com.zt.edu.TeaApplication - The following profiles are active: dev
2021-04-24 15:55:12.013 [main] INFO  o.s.d.r.config.RepositoryConfigurationDelegate - Multiple Spring Data modules found, entering strict repository configuration mode!
2021-04-24 15:55:12.013 [main] INFO  o.s.d.r.config.RepositoryConfigurationDelegate - Bootstrapping Spring Data repositories in DEFAULT mode.
2021-04-24 15:55:12.045 [main] INFO  o.s.d.r.config.RepositoryConfigurationDelegate - Finished Spring Data repository scanning in 18ms. Found 0 repository interfaces.
2021-04-24 15:55:12.404 [main] INFO  o.s.c.s.PostProcessorRegistrationDelegate$BeanPostProcessorChecker - Bean 'org.springframework.transaction.annotation.ProxyTransactionManagementConfiguration' of type [org.springframework.transaction.annotation.ProxyTransactionManagementConfiguration] is not eligible for getting processed by all BeanPostProcessors (for example: not eligible for auto-proxying)
2021-04-24 15:55:12.701 [main] INFO  o.s.boot.web.embedded.tomcat.TomcatWebServer - Tomcat initialized with port(s): 8001 (http)
2021-04-24 15:55:12.717 [main] INFO  org.apache.coyote.http11.Http11NioProtocol - Initializing ProtocolHandler ["http-nio-8001"]
2021-04-24 15:55:12.717 [main] INFO  org.apache.catalina.core.StandardService - Starting service [Tomcat]
2021-04-24 15:55:12.717 [main] INFO  org.apache.catalina.core.StandardEngine - Starting Servlet engine: [Apache Tomcat/9.0.27]
2021-04-24 15:55:12.857 [main] INFO  o.a.c.core.ContainerBase.[Tomcat].[localhost].[/] - Initializing Spring embedded WebApplicationContext
2021-04-24 15:55:12.857 [main] INFO  org.springframework.web.context.ContextLoader - Root WebApplicationContext: initialization completed in 2227 ms
2021-04-24 15:55:13.248 [main] INFO  com.zaxxer.hikari.HikariDataSource - HikariPool-1 - Starting...
2021-04-24 15:55:13.779 [main] INFO  com.zaxxer.hikari.HikariDataSource - HikariPool-1 - Start completed.
2021-04-24 15:55:14.639 [main] INFO  s.d.s.w.PropertySourcedRequestMappingHandlerMapping - Mapped URL path [/v2/api-docs] onto method [springfox.documentation.swagger2.web.Swagger2Controller#getDocumentation(String, HttpServletRequest)]
2021-04-24 15:55:14.826 [main] INFO  o.s.scheduling.concurrent.ThreadPoolTaskExecutor - Initializing ExecutorService 'applicationTaskExecutor'
2021-04-24 15:55:15.631 [main] INFO  s.d.s.web.plugins.DocumentationPluginsBootstrapper - Context refreshed
2021-04-24 15:55:15.662 [main] INFO  s.d.s.web.plugins.DocumentationPluginsBootstrapper - Found 1 custom documentation plugin(s)
2021-04-24 15:55:15.725 [main] INFO  s.d.spring.web.scanners.ApiListingReferenceScanner - Scanning for api listing references
2021-04-24 15:55:15.975 [main] INFO  org.apache.coyote.http11.Http11NioProtocol - Starting ProtocolHandler ["http-nio-8001"]
2021-04-24 15:55:16.006 [main] INFO  o.s.boot.web.embedded.tomcat.TomcatWebServer - Tomcat started on port(s): 8001 (http) with context path ''
2021-04-24 15:55:16.006 [main] INFO  com.zt.edu.TeaApplication - Started TeaApplication in 6.842 seconds (JVM running for 9.1)
2021-04-24 15:56:12.195 [http-nio-8001-exec-1] INFO  o.a.c.core.ContainerBase.[Tomcat].[localhost].[/] - Initializing Spring DispatcherServlet 'dispatcherServlet'
2021-04-24 15:56:12.196 [http-nio-8001-exec-1] INFO  org.springframework.web.servlet.DispatcherServlet - Initializing Servlet 'dispatcherServlet'
2021-04-24 15:56:12.211 [http-nio-8001-exec-1] INFO  org.springframework.web.servlet.DispatcherServlet - Completed initialization in 13 ms
2021-04-24 18:02:41.122 [main] INFO  com.zt.edu.TeaApplication - Starting TeaApplication on DESKTOP-O7LVAPG with PID 15980 (F:\IdeaFile\IdeaFile1\bishe_parent\service\service_edu\target\classes started by 26225 in F:\IdeaFile\IdeaFile1\bishe_parent)
2021-04-24 18:02:41.132 [main] INFO  com.zt.edu.TeaApplication - The following profiles are active: dev
2021-04-24 18:02:42.571 [main] INFO  o.s.d.r.config.RepositoryConfigurationDelegate - Multiple Spring Data modules found, entering strict repository configuration mode!
2021-04-24 18:02:42.574 [main] INFO  o.s.d.r.config.RepositoryConfigurationDelegate - Bootstrapping Spring Data repositories in DEFAULT mode.
2021-04-24 18:02:42.598 [main] INFO  o.s.d.r.config.RepositoryConfigurationDelegate - Finished Spring Data repository scanning in 10ms. Found 0 repository interfaces.
2021-04-24 18:02:42.949 [main] INFO  o.s.c.s.PostProcessorRegistrationDelegate$BeanPostProcessorChecker - Bean 'org.springframework.transaction.annotation.ProxyTransactionManagementConfiguration' of type [org.springframework.transaction.annotation.ProxyTransactionManagementConfiguration] is not eligible for getting processed by all BeanPostProcessors (for example: not eligible for auto-proxying)
2021-04-24 18:02:43.319 [main] INFO  o.s.boot.web.embedded.tomcat.TomcatWebServer - Tomcat initialized with port(s): 8001 (http)
2021-04-24 18:02:43.330 [main] INFO  org.apache.coyote.http11.Http11NioProtocol - Initializing ProtocolHandler ["http-nio-8001"]
2021-04-24 18:02:43.331 [main] INFO  org.apache.catalina.core.StandardService - Starting service [Tomcat]
2021-04-24 18:02:43.332 [main] INFO  org.apache.catalina.core.StandardEngine - Starting Servlet engine: [Apache Tomcat/9.0.27]
2021-04-24 18:02:43.481 [main] INFO  o.a.c.core.ContainerBase.[Tomcat].[localhost].[/] - Initializing Spring embedded WebApplicationContext
2021-04-24 18:02:43.482 [main] INFO  org.springframework.web.context.ContextLoader - Root WebApplicationContext: initialization completed in 2251 ms
2021-04-24 18:02:43.811 [main] INFO  com.zaxxer.hikari.HikariDataSource - HikariPool-1 - Starting...
2021-04-24 18:02:44.023 [main] INFO  com.zaxxer.hikari.HikariDataSource - HikariPool-1 - Start completed.
2021-04-24 18:02:44.619 [main] INFO  s.d.s.w.PropertySourcedRequestMappingHandlerMapping - Mapped URL path [/v2/api-docs] onto method [springfox.documentation.swagger2.web.Swagger2Controller#getDocumentation(String, HttpServletRequest)]
2021-04-24 18:02:44.741 [main] INFO  o.s.scheduling.concurrent.ThreadPoolTaskExecutor - Initializing ExecutorService 'applicationTaskExecutor'
2021-04-24 18:02:45.331 [main] INFO  s.d.s.web.plugins.DocumentationPluginsBootstrapper - Context refreshed
2021-04-24 18:02:45.352 [main] INFO  s.d.s.web.plugins.DocumentationPluginsBootstrapper - Found 1 custom documentation plugin(s)
2021-04-24 18:02:45.392 [main] INFO  s.d.spring.web.scanners.ApiListingReferenceScanner - Scanning for api listing references
2021-04-24 18:02:45.712 [main] INFO  org.apache.coyote.http11.Http11NioProtocol - Starting ProtocolHandler ["http-nio-8001"]
2021-04-24 18:02:45.750 [main] INFO  o.s.boot.web.embedded.tomcat.TomcatWebServer - Tomcat started on port(s): 8001 (http) with context path ''
2021-04-24 18:02:45.755 [main] INFO  com.zt.edu.TeaApplication - Started TeaApplication in 5.887 seconds (JVM running for 8.278)
2021-04-24 18:02:46.276 [http-nio-8001-exec-1] INFO  o.a.c.core.ContainerBase.[Tomcat].[localhost].[/] - Initializing Spring DispatcherServlet 'dispatcherServlet'
2021-04-24 18:02:46.276 [http-nio-8001-exec-1] INFO  org.springframework.web.servlet.DispatcherServlet - Initializing Servlet 'dispatcherServlet'
2021-04-24 18:02:46.288 [http-nio-8001-exec-1] INFO  org.springframework.web.servlet.DispatcherServlet - Completed initialization in 12 ms
2021-04-24 18:06:29.448 [main] INFO  com.zt.edu.TeaApplication - Starting TeaApplication on DESKTOP-O7LVAPG with PID 320 (F:\IdeaFile\IdeaFile1\bishe_parent\service\service_edu\target\classes started by 26225 in F:\IdeaFile\IdeaFile1\bishe_parent)
2021-04-24 18:06:29.454 [main] INFO  com.zt.edu.TeaApplication - The following profiles are active: dev
2021-04-24 18:06:30.841 [main] INFO  o.s.d.r.config.RepositoryConfigurationDelegate - Multiple Spring Data modules found, entering strict repository configuration mode!
2021-04-24 18:06:30.844 [main] INFO  o.s.d.r.config.RepositoryConfigurationDelegate - Bootstrapping Spring Data repositories in DEFAULT mode.
2021-04-24 18:06:30.875 [main] INFO  o.s.d.r.config.RepositoryConfigurationDelegate - Finished Spring Data repository scanning in 15ms. Found 0 repository interfaces.
2021-04-24 18:06:31.171 [main] INFO  o.s.c.s.PostProcessorRegistrationDelegate$BeanPostProcessorChecker - Bean 'org.springframework.transaction.annotation.ProxyTransactionManagementConfiguration' of type [org.springframework.transaction.annotation.ProxyTransactionManagementConfiguration] is not eligible for getting processed by all BeanPostProcessors (for example: not eligible for auto-proxying)
2021-04-24 18:06:31.456 [main] INFO  o.s.boot.web.embedded.tomcat.TomcatWebServer - Tomcat initialized with port(s): 8001 (http)
2021-04-24 18:06:31.465 [main] INFO  org.apache.coyote.http11.Http11NioProtocol - Initializing ProtocolHandler ["http-nio-8001"]
2021-04-24 18:06:31.466 [main] INFO  org.apache.catalina.core.StandardService - Starting service [Tomcat]
2021-04-24 18:06:31.466 [main] INFO  org.apache.catalina.core.StandardEngine - Starting Servlet engine: [Apache Tomcat/9.0.27]
2021-04-24 18:06:31.602 [main] INFO  o.a.c.core.ContainerBase.[Tomcat].[localhost].[/] - Initializing Spring embedded WebApplicationContext
2021-04-24 18:06:31.603 [main] INFO  org.springframework.web.context.ContextLoader - Root WebApplicationContext: initialization completed in 1946 ms
2021-04-24 18:06:31.817 [main] INFO  com.zaxxer.hikari.HikariDataSource - HikariPool-1 - Starting...
2021-04-24 18:06:32.011 [main] INFO  com.zaxxer.hikari.HikariDataSource - HikariPool-1 - Start completed.
2021-04-24 18:06:32.561 [main] INFO  s.d.s.w.PropertySourcedRequestMappingHandlerMapping - Mapped URL path [/v2/api-docs] onto method [springfox.documentation.swagger2.web.Swagger2Controller#getDocumentation(String, HttpServletRequest)]
2021-04-24 18:06:32.665 [main] INFO  o.s.scheduling.concurrent.ThreadPoolTaskExecutor - Initializing ExecutorService 'applicationTaskExecutor'
2021-04-24 18:06:33.179 [main] INFO  s.d.s.web.plugins.DocumentationPluginsBootstrapper - Context refreshed
2021-04-24 18:06:33.196 [main] INFO  s.d.s.web.plugins.DocumentationPluginsBootstrapper - Found 1 custom documentation plugin(s)
2021-04-24 18:06:33.234 [main] INFO  s.d.spring.web.scanners.ApiListingReferenceScanner - Scanning for api listing references
2021-04-24 18:06:33.441 [main] INFO  org.apache.coyote.http11.Http11NioProtocol - Starting ProtocolHandler ["http-nio-8001"]
2021-04-24 18:06:33.463 [main] INFO  o.s.boot.web.embedded.tomcat.TomcatWebServer - Tomcat started on port(s): 8001 (http) with context path ''
2021-04-24 18:06:33.466 [main] INFO  com.zt.edu.TeaApplication - Started TeaApplication in 5.004 seconds (JVM running for 6.709)
2021-04-24 18:14:12.845 [http-nio-8001-exec-1] INFO  o.a.c.core.ContainerBase.[Tomcat].[localhost].[/] - Initializing Spring DispatcherServlet 'dispatcherServlet'
2021-04-24 18:14:12.845 [http-nio-8001-exec-1] INFO  org.springframework.web.servlet.DispatcherServlet - Initializing Servlet 'dispatcherServlet'
2021-04-24 18:14:12.855 [http-nio-8001-exec-1] INFO  org.springframework.web.servlet.DispatcherServlet - Completed initialization in 10 ms
2021-04-24 18:40:25.260 [main] INFO  com.zt.edu.TeaApplication - Starting TeaApplication on DESKTOP-O7LVAPG with PID 9508 (F:\IdeaFile\IdeaFile1\bishe_parent\service\service_edu\target\classes started by 26225 in F:\IdeaFile\IdeaFile1\bishe_parent)
2021-04-24 18:40:25.268 [main] INFO  com.zt.edu.TeaApplication - The following profiles are active: dev
2021-04-24 18:40:26.611 [main] INFO  o.s.d.r.config.RepositoryConfigurationDelegate - Multiple Spring Data modules found, entering strict repository configuration mode!
2021-04-24 18:40:26.613 [main] INFO  o.s.d.r.config.RepositoryConfigurationDelegate - Bootstrapping Spring Data repositories in DEFAULT mode.
2021-04-24 18:40:26.646 [main] INFO  o.s.d.r.config.RepositoryConfigurationDelegate - Finished Spring Data repository scanning in 16ms. Found 0 repository interfaces.
2021-04-24 18:40:26.968 [main] INFO  o.s.c.s.PostProcessorRegistrationDelegate$BeanPostProcessorChecker - Bean 'org.springframework.transaction.annotation.ProxyTransactionManagementConfiguration' of type [org.springframework.transaction.annotation.ProxyTransactionManagementConfiguration] is not eligible for getting processed by all BeanPostProcessors (for example: not eligible for auto-proxying)
2021-04-24 18:40:27.221 [main] INFO  o.s.boot.web.embedded.tomcat.TomcatWebServer - Tomcat initialized with port(s): 8001 (http)
2021-04-24 18:40:27.231 [main] INFO  org.apache.coyote.http11.Http11NioProtocol - Initializing ProtocolHandler ["http-nio-8001"]
2021-04-24 18:40:27.231 [main] INFO  org.apache.catalina.core.StandardService - Starting service [Tomcat]
2021-04-24 18:40:27.232 [main] INFO  org.apache.catalina.core.StandardEngine - Starting Servlet engine: [Apache Tomcat/9.0.27]
2021-04-24 18:40:27.372 [main] INFO  o.a.c.core.ContainerBase.[Tomcat].[localhost].[/] - Initializing Spring embedded WebApplicationContext
2021-04-24 18:40:27.372 [main] INFO  org.springframework.web.context.ContextLoader - Root WebApplicationContext: initialization completed in 1995 ms
2021-04-24 18:40:27.583 [main] INFO  com.zaxxer.hikari.HikariDataSource - HikariPool-1 - Starting...
2021-04-24 18:40:27.775 [main] INFO  com.zaxxer.hikari.HikariDataSource - HikariPool-1 - Start completed.
2021-04-24 18:40:28.352 [main] INFO  s.d.s.w.PropertySourcedRequestMappingHandlerMapping - Mapped URL path [/v2/api-docs] onto method [springfox.documentation.swagger2.web.Swagger2Controller#getDocumentation(String, HttpServletRequest)]
2021-04-24 18:40:28.488 [main] INFO  o.s.scheduling.concurrent.ThreadPoolTaskExecutor - Initializing ExecutorService 'applicationTaskExecutor'
2021-04-24 18:40:28.956 [main] INFO  s.d.s.web.plugins.DocumentationPluginsBootstrapper - Context refreshed
2021-04-24 18:40:28.973 [main] INFO  s.d.s.web.plugins.DocumentationPluginsBootstrapper - Found 1 custom documentation plugin(s)
2021-04-24 18:40:29.010 [main] INFO  s.d.spring.web.scanners.ApiListingReferenceScanner - Scanning for api listing references
2021-04-24 18:40:29.228 [main] INFO  org.apache.coyote.http11.Http11NioProtocol - Starting ProtocolHandler ["http-nio-8001"]
2021-04-24 18:40:29.251 [main] INFO  o.s.boot.web.embedded.tomcat.TomcatWebServer - Tomcat started on port(s): 8001 (http) with context path ''
2021-04-24 18:40:29.254 [main] INFO  com.zt.edu.TeaApplication - Started TeaApplication in 4.98 seconds (JVM running for 6.775)
2021-04-24 18:40:43.294 [http-nio-8001-exec-1] INFO  o.a.c.core.ContainerBase.[Tomcat].[localhost].[/] - Initializing Spring DispatcherServlet 'dispatcherServlet'
2021-04-24 18:40:43.294 [http-nio-8001-exec-1] INFO  org.springframework.web.servlet.DispatcherServlet - Initializing Servlet 'dispatcherServlet'
2021-04-24 18:40:43.304 [http-nio-8001-exec-1] INFO  org.springframework.web.servlet.DispatcherServlet - Completed initialization in 10 ms
2021-04-24 18:56:07.961 [main] INFO  com.zt.edu.TeaApplication - Starting TeaApplication on DESKTOP-O7LVAPG with PID 12492 (F:\IdeaFile\IdeaFile1\bishe_parent\service\service_edu\target\classes started by 26225 in F:\IdeaFile\IdeaFile1\bishe_parent)
2021-04-24 18:56:07.966 [main] INFO  com.zt.edu.TeaApplication - The following profiles are active: dev
2021-04-24 18:56:09.516 [main] INFO  o.s.d.r.config.RepositoryConfigurationDelegate - Multiple Spring Data modules found, entering strict repository configuration mode!
2021-04-24 18:56:09.518 [main] INFO  o.s.d.r.config.RepositoryConfigurationDelegate - Bootstrapping Spring Data repositories in DEFAULT mode.
2021-04-24 18:56:09.546 [main] INFO  o.s.d.r.config.RepositoryConfigurationDelegate - Finished Spring Data repository scanning in 12ms. Found 0 repository interfaces.
2021-04-24 18:56:09.856 [main] INFO  o.s.c.s.PostProcessorRegistrationDelegate$BeanPostProcessorChecker - Bean 'org.springframework.transaction.annotation.ProxyTransactionManagementConfiguration' of type [org.springframework.transaction.annotation.ProxyTransactionManagementConfiguration] is not eligible for getting processed by all BeanPostProcessors (for example: not eligible for auto-proxying)
2021-04-24 18:56:10.135 [main] INFO  o.s.boot.web.embedded.tomcat.TomcatWebServer - Tomcat initialized with port(s): 8001 (http)
2021-04-24 18:56:10.145 [main] INFO  org.apache.coyote.http11.Http11NioProtocol - Initializing ProtocolHandler ["http-nio-8001"]
2021-04-24 18:56:10.147 [main] INFO  org.apache.catalina.core.StandardService - Starting service [Tomcat]
2021-04-24 18:56:10.147 [main] INFO  org.apache.catalina.core.StandardEngine - Starting Servlet engine: [Apache Tomcat/9.0.27]
2021-04-24 18:56:10.298 [main] INFO  o.a.c.core.ContainerBase.[Tomcat].[localhost].[/] - Initializing Spring embedded WebApplicationContext
2021-04-24 18:56:10.299 [main] INFO  org.springframework.web.context.ContextLoader - Root WebApplicationContext: initialization completed in 2177 ms
2021-04-24 18:56:10.524 [main] INFO  com.zaxxer.hikari.HikariDataSource - HikariPool-1 - Starting...
2021-04-24 18:56:10.708 [main] INFO  com.zaxxer.hikari.HikariDataSource - HikariPool-1 - Start completed.
2021-04-24 18:56:11.439 [main] INFO  s.d.s.w.PropertySourcedRequestMappingHandlerMapping - Mapped URL path [/v2/api-docs] onto method [springfox.documentation.swagger2.web.Swagger2Controller#getDocumentation(String, HttpServletRequest)]
2021-04-24 18:56:11.573 [main] INFO  o.s.scheduling.concurrent.ThreadPoolTaskExecutor - Initializing ExecutorService 'applicationTaskExecutor'
2021-04-24 18:56:12.121 [main] INFO  s.d.s.web.plugins.DocumentationPluginsBootstrapper - Context refreshed
2021-04-24 18:56:12.137 [main] INFO  s.d.s.web.plugins.DocumentationPluginsBootstrapper - Found 1 custom documentation plugin(s)
2021-04-24 18:56:12.171 [main] INFO  s.d.spring.web.scanners.ApiListingReferenceScanner - Scanning for api listing references
2021-04-24 18:56:12.358 [main] INFO  org.apache.coyote.http11.Http11NioProtocol - Starting ProtocolHandler ["http-nio-8001"]
2021-04-24 18:56:12.380 [main] INFO  o.s.boot.web.embedded.tomcat.TomcatWebServer - Tomcat started on port(s): 8001 (http) with context path ''
2021-04-24 18:56:12.383 [main] INFO  com.zt.edu.TeaApplication - Started TeaApplication in 5.351 seconds (JVM running for 7.004)
2021-04-24 18:56:21.687 [http-nio-8001-exec-1] INFO  o.a.c.core.ContainerBase.[Tomcat].[localhost].[/] - Initializing Spring DispatcherServlet 'dispatcherServlet'
2021-04-24 18:56:21.687 [http-nio-8001-exec-1] INFO  org.springframework.web.servlet.DispatcherServlet - Initializing Servlet 'dispatcherServlet'
2021-04-24 18:56:21.697 [http-nio-8001-exec-1] INFO  org.springframework.web.servlet.DispatcherServlet - Completed initialization in 9 ms
2021-04-24 18:58:49.718 [main] INFO  com.zt.edu.TeaApplication - Starting TeaApplication on DESKTOP-O7LVAPG with PID 1060 (F:\IdeaFile\IdeaFile1\bishe_parent\service\service_edu\target\classes started by 26225 in F:\IdeaFile\IdeaFile1\bishe_parent)
2021-04-24 18:58:49.723 [main] INFO  com.zt.edu.TeaApplication - The following profiles are active: dev
2021-04-24 18:58:51.284 [main] INFO  o.s.d.r.config.RepositoryConfigurationDelegate - Multiple Spring Data modules found, entering strict repository configuration mode!
2021-04-24 18:58:51.288 [main] INFO  o.s.d.r.config.RepositoryConfigurationDelegate - Bootstrapping Spring Data repositories in DEFAULT mode.
2021-04-24 18:58:51.329 [main] INFO  o.s.d.r.config.RepositoryConfigurationDelegate - Finished Spring Data repository scanning in 17ms. Found 0 repository interfaces.
2021-04-24 18:58:51.674 [main] INFO  o.s.c.s.PostProcessorRegistrationDelegate$BeanPostProcessorChecker - Bean 'org.springframework.transaction.annotation.ProxyTransactionManagementConfiguration' of type [org.springframework.transaction.annotation.ProxyTransactionManagementConfiguration] is not eligible for getting processed by all BeanPostProcessors (for example: not eligible for auto-proxying)
2021-04-24 18:58:52.056 [main] INFO  o.s.boot.web.embedded.tomcat.TomcatWebServer - Tomcat initialized with port(s): 8001 (http)
2021-04-24 18:58:52.066 [main] INFO  org.apache.coyote.http11.Http11NioProtocol - Initializing ProtocolHandler ["http-nio-8001"]
2021-04-24 18:58:52.067 [main] INFO  org.apache.catalina.core.StandardService - Starting service [Tomcat]
2021-04-24 18:58:52.068 [main] INFO  org.apache.catalina.core.StandardEngine - Starting Servlet engine: [Apache Tomcat/9.0.27]
2021-04-24 18:58:52.288 [main] INFO  o.a.c.core.ContainerBase.[Tomcat].[localhost].[/] - Initializing Spring embedded WebApplicationContext
2021-04-24 18:58:52.289 [main] INFO  org.springframework.web.context.ContextLoader - Root WebApplicationContext: initialization completed in 2361 ms
2021-04-24 18:58:52.591 [main] INFO  com.zaxxer.hikari.HikariDataSource - HikariPool-1 - Starting...
2021-04-24 18:58:52.804 [main] INFO  com.zaxxer.hikari.HikariDataSource - HikariPool-1 - Start completed.
2021-04-24 18:58:53.442 [main] INFO  s.d.s.w.PropertySourcedRequestMappingHandlerMapping - Mapped URL path [/v2/api-docs] onto method [springfox.documentation.swagger2.web.Swagger2Controller#getDocumentation(String, HttpServletRequest)]
2021-04-24 18:58:53.571 [main] INFO  o.s.scheduling.concurrent.ThreadPoolTaskExecutor - Initializing ExecutorService 'applicationTaskExecutor'
2021-04-24 18:58:54.109 [main] INFO  s.d.s.web.plugins.DocumentationPluginsBootstrapper - Context refreshed
2021-04-24 18:58:54.130 [main] INFO  s.d.s.web.plugins.DocumentationPluginsBootstrapper - Found 1 custom documentation plugin(s)
2021-04-24 18:58:54.174 [main] INFO  s.d.spring.web.scanners.ApiListingReferenceScanner - Scanning for api listing references
2021-04-24 18:58:54.411 [main] INFO  org.apache.coyote.http11.Http11NioProtocol - Starting ProtocolHandler ["http-nio-8001"]
2021-04-24 18:58:54.437 [main] INFO  o.s.boot.web.embedded.tomcat.TomcatWebServer - Tomcat started on port(s): 8001 (http) with context path ''
2021-04-24 18:58:54.441 [main] INFO  com.zt.edu.TeaApplication - Started TeaApplication in 5.914 seconds (JVM running for 7.879)
2021-04-24 18:59:35.031 [http-nio-8001-exec-1] INFO  o.a.c.core.ContainerBase.[Tomcat].[localhost].[/] - Initializing Spring DispatcherServlet 'dispatcherServlet'
2021-04-24 18:59:35.031 [http-nio-8001-exec-1] INFO  org.springframework.web.servlet.DispatcherServlet - Initializing Servlet 'dispatcherServlet'
2021-04-24 18:59:35.044 [http-nio-8001-exec-1] INFO  org.springframework.web.servlet.DispatcherServlet - Completed initialization in 12 ms
2021-04-24 20:29:25.686 [main] INFO  com.zt.edu.TeaApplication - Starting TeaApplication on DESKTOP-O7LVAPG with PID 17628 (F:\IdeaFile\IdeaFile1\bishe_parent\service\service_edu\target\classes started by 26225 in F:\IdeaFile\IdeaFile1\bishe_parent)
2021-04-24 20:29:25.693 [main] INFO  com.zt.edu.TeaApplication - The following profiles are active: dev
2021-04-24 20:29:27.042 [main] INFO  o.s.d.r.config.RepositoryConfigurationDelegate - Multiple Spring Data modules found, entering strict repository configuration mode!
2021-04-24 20:29:27.045 [main] INFO  o.s.d.r.config.RepositoryConfigurationDelegate - Bootstrapping Spring Data repositories in DEFAULT mode.
2021-04-24 20:29:27.073 [main] INFO  o.s.d.r.config.RepositoryConfigurationDelegate - Finished Spring Data repository scanning in 12ms. Found 0 repository interfaces.
2021-04-24 20:29:27.365 [main] INFO  o.s.c.s.PostProcessorRegistrationDelegate$BeanPostProcessorChecker - Bean 'org.springframework.transaction.annotation.ProxyTransactionManagementConfiguration' of type [org.springframework.transaction.annotation.ProxyTransactionManagementConfiguration] is not eligible for getting processed by all BeanPostProcessors (for example: not eligible for auto-proxying)
2021-04-24 20:29:27.619 [main] INFO  o.s.boot.web.embedded.tomcat.TomcatWebServer - Tomcat initialized with port(s): 8001 (http)
2021-04-24 20:29:27.628 [main] INFO  org.apache.coyote.http11.Http11NioProtocol - Initializing ProtocolHandler ["http-nio-8001"]
2021-04-24 20:29:27.629 [main] INFO  org.apache.catalina.core.StandardService - Starting service [Tomcat]
2021-04-24 20:29:27.630 [main] INFO  org.apache.catalina.core.StandardEngine - Starting Servlet engine: [Apache Tomcat/9.0.27]
2021-04-24 20:29:27.768 [main] INFO  o.a.c.core.ContainerBase.[Tomcat].[localhost].[/] - Initializing Spring embedded WebApplicationContext
2021-04-24 20:29:27.769 [main] INFO  org.springframework.web.context.ContextLoader - Root WebApplicationContext: initialization completed in 1944 ms
2021-04-24 20:29:28.036 [main] INFO  com.zaxxer.hikari.HikariDataSource - HikariPool-1 - Starting...
2021-04-24 20:29:28.223 [main] INFO  com.zaxxer.hikari.HikariDataSource - HikariPool-1 - Start completed.
2021-04-24 20:29:28.752 [main] INFO  s.d.s.w.PropertySourcedRequestMappingHandlerMapping - Mapped URL path [/v2/api-docs] onto method [springfox.documentation.swagger2.web.Swagger2Controller#getDocumentation(String, HttpServletRequest)]
2021-04-24 20:29:28.867 [main] INFO  o.s.scheduling.concurrent.ThreadPoolTaskExecutor - Initializing ExecutorService 'applicationTaskExecutor'
2021-04-24 20:29:29.332 [main] INFO  s.d.s.web.plugins.DocumentationPluginsBootstrapper - Context refreshed
2021-04-24 20:29:29.364 [main] INFO  s.d.s.web.plugins.DocumentationPluginsBootstrapper - Found 1 custom documentation plugin(s)
2021-04-24 20:29:29.397 [main] INFO  s.d.spring.web.scanners.ApiListingReferenceScanner - Scanning for api listing references
2021-04-24 20:29:29.586 [main] INFO  org.apache.coyote.http11.Http11NioProtocol - Starting ProtocolHandler ["http-nio-8001"]
2021-04-24 20:29:29.609 [main] INFO  o.s.boot.web.embedded.tomcat.TomcatWebServer - Tomcat started on port(s): 8001 (http) with context path ''
2021-04-24 20:29:29.612 [main] INFO  com.zt.edu.TeaApplication - Started TeaApplication in 4.886 seconds (JVM running for 6.508)
2021-04-24 20:29:52.019 [http-nio-8001-exec-1] INFO  o.a.c.core.ContainerBase.[Tomcat].[localhost].[/] - Initializing Spring DispatcherServlet 'dispatcherServlet'
2021-04-24 20:29:52.020 [http-nio-8001-exec-1] INFO  org.springframework.web.servlet.DispatcherServlet - Initializing Servlet 'dispatcherServlet'
2021-04-24 20:29:52.029 [http-nio-8001-exec-1] INFO  org.springframework.web.servlet.DispatcherServlet - Completed initialization in 9 ms
2021-04-24 20:32:22.613 [main] INFO  com.zt.edu.TeaApplication - Starting TeaApplication on DESKTOP-O7LVAPG with PID 15840 (F:\IdeaFile\IdeaFile1\bishe_parent\service\service_edu\target\classes started by 26225 in F:\IdeaFile\IdeaFile1\bishe_parent)
2021-04-24 20:32:22.618 [main] INFO  com.zt.edu.TeaApplication - The following profiles are active: dev
2021-04-24 20:32:24.066 [main] INFO  o.s.d.r.config.RepositoryConfigurationDelegate - Multiple Spring Data modules found, entering strict repository configuration mode!
2021-04-24 20:32:24.068 [main] INFO  o.s.d.r.config.RepositoryConfigurationDelegate - Bootstrapping Spring Data repositories in DEFAULT mode.
2021-04-24 20:32:24.097 [main] INFO  o.s.d.r.config.RepositoryConfigurationDelegate - Finished Spring Data repository scanning in 11ms. Found 0 repository interfaces.
2021-04-24 20:32:24.393 [main] INFO  o.s.c.s.PostProcessorRegistrationDelegate$BeanPostProcessorChecker - Bean 'org.springframework.transaction.annotation.ProxyTransactionManagementConfiguration' of type [org.springframework.transaction.annotation.ProxyTransactionManagementConfiguration] is not eligible for getting processed by all BeanPostProcessors (for example: not eligible for auto-proxying)
2021-04-24 20:32:24.703 [main] INFO  o.s.boot.web.embedded.tomcat.TomcatWebServer - Tomcat initialized with port(s): 8001 (http)
2021-04-24 20:32:24.712 [main] INFO  org.apache.coyote.http11.Http11NioProtocol - Initializing ProtocolHandler ["http-nio-8001"]
2021-04-24 20:32:24.713 [main] INFO  org.apache.catalina.core.StandardService - Starting service [Tomcat]
2021-04-24 20:32:24.714 [main] INFO  org.apache.catalina.core.StandardEngine - Starting Servlet engine: [Apache Tomcat/9.0.27]
2021-04-24 20:32:24.845 [main] INFO  o.a.c.core.ContainerBase.[Tomcat].[localhost].[/] - Initializing Spring embedded WebApplicationContext
2021-04-24 20:32:24.846 [main] INFO  org.springframework.web.context.ContextLoader - Root WebApplicationContext: initialization completed in 2105 ms
2021-04-24 20:32:25.072 [main] INFO  com.zaxxer.hikari.HikariDataSource - HikariPool-1 - Starting...
2021-04-24 20:32:25.251 [main] INFO  com.zaxxer.hikari.HikariDataSource - HikariPool-1 - Start completed.
2021-04-24 20:32:25.798 [main] INFO  s.d.s.w.PropertySourcedRequestMappingHandlerMapping - Mapped URL path [/v2/api-docs] onto method [springfox.documentation.swagger2.web.Swagger2Controller#getDocumentation(String, HttpServletRequest)]
2021-04-24 20:32:25.939 [main] INFO  o.s.scheduling.concurrent.ThreadPoolTaskExecutor - Initializing ExecutorService 'applicationTaskExecutor'
2021-04-24 20:32:26.425 [main] INFO  s.d.s.web.plugins.DocumentationPluginsBootstrapper - Context refreshed
2021-04-24 20:32:26.442 [main] INFO  s.d.s.web.plugins.DocumentationPluginsBootstrapper - Found 1 custom documentation plugin(s)
2021-04-24 20:32:26.478 [main] INFO  s.d.spring.web.scanners.ApiListingReferenceScanner - Scanning for api listing references
2021-04-24 20:32:26.677 [main] INFO  org.apache.coyote.http11.Http11NioProtocol - Starting ProtocolHandler ["http-nio-8001"]
2021-04-24 20:32:26.706 [main] INFO  o.s.boot.web.embedded.tomcat.TomcatWebServer - Tomcat started on port(s): 8001 (http) with context path ''
2021-04-24 20:32:26.709 [main] INFO  com.zt.edu.TeaApplication - Started TeaApplication in 5.092 seconds (JVM running for 6.786)
2021-04-24 20:32:30.146 [http-nio-8001-exec-1] INFO  o.a.c.core.ContainerBase.[Tomcat].[localhost].[/] - Initializing Spring DispatcherServlet 'dispatcherServlet'
2021-04-24 20:32:30.146 [http-nio-8001-exec-1] INFO  org.springframework.web.servlet.DispatcherServlet - Initializing Servlet 'dispatcherServlet'
2021-04-24 20:32:30.155 [http-nio-8001-exec-1] INFO  org.springframework.web.servlet.DispatcherServlet - Completed initialization in 9 ms
