2021-04-19 09:38:02.621 [main] INFO  com.zt.edu.TeaApplication - Starting TeaApplication on DESKTOP-O7LVAPG with PID 9940 (F:\IdeaFile\IdeaFile1\bishe_parent\service\service_edu\target\classes started by 26225 in F:\IdeaFile\IdeaFile1\bishe_parent)
2021-04-19 09:38:02.658 [main] INFO  com.zt.edu.TeaApplication - The following profiles are active: dev
2021-04-19 09:38:04.131 [main] INFO  o.s.d.r.config.RepositoryConfigurationDelegate - Multiple Spring Data modules found, entering strict repository configuration mode!
2021-04-19 09:38:04.134 [main] INFO  o.s.d.r.config.RepositoryConfigurationDelegate - Bootstrapping Spring Data repositories in DEFAULT mode.
2021-04-19 09:38:04.157 [main] INFO  o.s.d.r.config.RepositoryConfigurationDelegate - Finished Spring Data repository scanning in 9ms. Found 0 repository interfaces.
2021-04-19 09:38:04.570 [main] INFO  o.s.c.s.PostProcessorRegistrationDelegate$BeanPostProcessorChecker - Bean 'org.springframework.transaction.annotation.ProxyTransactionManagementConfiguration' of type [org.springframework.transaction.annotation.ProxyTransactionManagementConfiguration] is not eligible for getting processed by all BeanPostProcessors (for example: not eligible for auto-proxying)
2021-04-19 09:38:05.114 [main] INFO  o.s.boot.web.embedded.tomcat.TomcatWebServer - Tomcat initialized with port(s): 8001 (http)
2021-04-19 09:38:05.124 [main] INFO  org.apache.coyote.http11.Http11NioProtocol - Initializing ProtocolHandler ["http-nio-8001"]
2021-04-19 09:38:05.125 [main] INFO  org.apache.catalina.core.StandardService - Starting service [Tomcat]
2021-04-19 09:38:05.125 [main] INFO  org.apache.catalina.core.StandardEngine - Starting Servlet engine: [Apache Tomcat/9.0.27]
2021-04-19 09:38:05.244 [main] INFO  o.a.c.core.ContainerBase.[Tomcat].[localhost].[/] - Initializing Spring embedded WebApplicationContext
2021-04-19 09:38:05.245 [main] INFO  org.springframework.web.context.ContextLoader - Root WebApplicationContext: initialization completed in 2475 ms
2021-04-19 09:38:05.499 [main] INFO  com.zaxxer.hikari.HikariDataSource - HikariPool-1 - Starting...
2021-04-19 09:38:05.754 [main] INFO  com.zaxxer.hikari.HikariDataSource - HikariPool-1 - Start completed.
2021-04-19 09:38:06.360 [main] INFO  s.d.s.w.PropertySourcedRequestMappingHandlerMapping - Mapped URL path [/v2/api-docs] onto method [springfox.documentation.swagger2.web.Swagger2Controller#getDocumentation(String, HttpServletRequest)]
2021-04-19 09:38:06.477 [main] INFO  o.s.scheduling.concurrent.ThreadPoolTaskExecutor - Initializing ExecutorService 'applicationTaskExecutor'
2021-04-19 09:38:07.057 [main] INFO  s.d.s.web.plugins.DocumentationPluginsBootstrapper - Context refreshed
2021-04-19 09:38:07.081 [main] INFO  s.d.s.web.plugins.DocumentationPluginsBootstrapper - Found 1 custom documentation plugin(s)
2021-04-19 09:38:07.121 [main] INFO  s.d.spring.web.scanners.ApiListingReferenceScanner - Scanning for api listing references
2021-04-19 09:38:07.401 [main] INFO  org.apache.coyote.http11.Http11NioProtocol - Starting ProtocolHandler ["http-nio-8001"]
2021-04-19 09:38:07.425 [main] INFO  o.s.boot.web.embedded.tomcat.TomcatWebServer - Tomcat started on port(s): 8001 (http) with context path ''
2021-04-19 09:38:07.428 [main] INFO  com.zt.edu.TeaApplication - Started TeaApplication in 6.071 seconds (JVM running for 8.421)
2021-04-19 09:38:40.321 [http-nio-8001-exec-1] INFO  o.a.c.core.ContainerBase.[Tomcat].[localhost].[/] - Initializing Spring DispatcherServlet 'dispatcherServlet'
2021-04-19 09:38:40.321 [http-nio-8001-exec-1] INFO  org.springframework.web.servlet.DispatcherServlet - Initializing Servlet 'dispatcherServlet'
2021-04-19 09:38:40.327 [http-nio-8001-exec-1] INFO  org.springframework.web.servlet.DispatcherServlet - Completed initialization in 6 ms
2021-04-19 12:07:12.371 [main] INFO  com.zt.edu.TeaApplication - Starting TeaApplication on DESKTOP-O7LVAPG with PID 22040 (F:\IdeaFile\IdeaFile1\bishe_parent\service\service_edu\target\classes started by 26225 in F:\IdeaFile\IdeaFile1\bishe_parent)
2021-04-19 12:07:12.376 [main] INFO  com.zt.edu.TeaApplication - The following profiles are active: dev
2021-04-19 12:07:13.908 [main] INFO  o.s.d.r.config.RepositoryConfigurationDelegate - Multiple Spring Data modules found, entering strict repository configuration mode!
2021-04-19 12:07:13.923 [main] INFO  o.s.d.r.config.RepositoryConfigurationDelegate - Bootstrapping Spring Data repositories in DEFAULT mode.
2021-04-19 12:07:14.017 [main] INFO  o.s.d.r.config.RepositoryConfigurationDelegate - Finished Spring Data repository scanning in 36ms. Found 0 repository interfaces.
2021-04-19 12:07:14.580 [main] INFO  o.s.c.s.PostProcessorRegistrationDelegate$BeanPostProcessorChecker - Bean 'org.springframework.transaction.annotation.ProxyTransactionManagementConfiguration' of type [org.springframework.transaction.annotation.ProxyTransactionManagementConfiguration] is not eligible for getting processed by all BeanPostProcessors (for example: not eligible for auto-proxying)
2021-04-19 12:07:14.921 [main] INFO  o.s.boot.web.embedded.tomcat.TomcatWebServer - Tomcat initialized with port(s): 8001 (http)
2021-04-19 12:07:14.921 [main] INFO  org.apache.coyote.http11.Http11NioProtocol - Initializing ProtocolHandler ["http-nio-8001"]
2021-04-19 12:07:14.936 [main] INFO  org.apache.catalina.core.StandardService - Starting service [Tomcat]
2021-04-19 12:07:14.936 [main] INFO  org.apache.catalina.core.StandardEngine - Starting Servlet engine: [Apache Tomcat/9.0.27]
2021-04-19 12:07:15.061 [main] INFO  o.a.c.core.ContainerBase.[Tomcat].[localhost].[/] - Initializing Spring embedded WebApplicationContext
2021-04-19 12:07:15.061 [main] INFO  org.springframework.web.context.ContextLoader - Root WebApplicationContext: initialization completed in 2611 ms
2021-04-19 12:07:15.264 [main] INFO  com.zaxxer.hikari.HikariDataSource - HikariPool-1 - Starting...
2021-04-19 12:07:15.452 [main] INFO  com.zaxxer.hikari.HikariDataSource - HikariPool-1 - Start completed.
2021-04-19 12:07:15.936 [main] INFO  s.d.s.w.PropertySourcedRequestMappingHandlerMapping - Mapped URL path [/v2/api-docs] onto method [springfox.documentation.swagger2.web.Swagger2Controller#getDocumentation(String, HttpServletRequest)]
2021-04-19 12:07:16.030 [main] INFO  o.s.scheduling.concurrent.ThreadPoolTaskExecutor - Initializing ExecutorService 'applicationTaskExecutor'
2021-04-19 12:07:16.483 [main] INFO  s.d.s.web.plugins.DocumentationPluginsBootstrapper - Context refreshed
2021-04-19 12:07:16.514 [main] INFO  s.d.s.web.plugins.DocumentationPluginsBootstrapper - Found 1 custom documentation plugin(s)
2021-04-19 12:07:16.546 [main] INFO  s.d.spring.web.scanners.ApiListingReferenceScanner - Scanning for api listing references
2021-04-19 12:07:16.749 [main] INFO  org.apache.coyote.http11.Http11NioProtocol - Starting ProtocolHandler ["http-nio-8001"]
2021-04-19 12:07:16.780 [main] INFO  o.s.boot.web.embedded.tomcat.TomcatWebServer - Tomcat started on port(s): 8001 (http) with context path ''
2021-04-19 12:07:16.780 [main] INFO  com.zt.edu.TeaApplication - Started TeaApplication in 5.269 seconds (JVM running for 7.058)
2021-04-19 12:08:45.061 [http-nio-8001-exec-1] INFO  o.a.c.core.ContainerBase.[Tomcat].[localhost].[/] - Initializing Spring DispatcherServlet 'dispatcherServlet'
2021-04-19 12:08:45.061 [http-nio-8001-exec-1] INFO  org.springframework.web.servlet.DispatcherServlet - Initializing Servlet 'dispatcherServlet'
2021-04-19 12:08:45.071 [http-nio-8001-exec-1] INFO  org.springframework.web.servlet.DispatcherServlet - Completed initialization in 9 ms
2021-04-19 12:09:29.374 [main] INFO  com.zt.edu.TeaApplication - Starting TeaApplication on DESKTOP-O7LVAPG with PID 11328 (F:\IdeaFile\IdeaFile1\bishe_parent\service\service_edu\target\classes started by 26225 in F:\IdeaFile\IdeaFile1\bishe_parent)
2021-04-19 12:09:29.374 [main] INFO  com.zt.edu.TeaApplication - The following profiles are active: dev
2021-04-19 12:09:30.918 [main] INFO  o.s.d.r.config.RepositoryConfigurationDelegate - Multiple Spring Data modules found, entering strict repository configuration mode!
2021-04-19 12:09:30.920 [main] INFO  o.s.d.r.config.RepositoryConfigurationDelegate - Bootstrapping Spring Data repositories in DEFAULT mode.
2021-04-19 12:09:30.961 [main] INFO  o.s.d.r.config.RepositoryConfigurationDelegate - Finished Spring Data repository scanning in 14ms. Found 0 repository interfaces.
2021-04-19 12:09:31.274 [main] INFO  o.s.c.s.PostProcessorRegistrationDelegate$BeanPostProcessorChecker - Bean 'org.springframework.transaction.annotation.ProxyTransactionManagementConfiguration' of type [org.springframework.transaction.annotation.ProxyTransactionManagementConfiguration] is not eligible for getting processed by all BeanPostProcessors (for example: not eligible for auto-proxying)
2021-04-19 12:09:31.529 [main] INFO  o.s.boot.web.embedded.tomcat.TomcatWebServer - Tomcat initialized with port(s): 8001 (http)
2021-04-19 12:09:31.538 [main] INFO  org.apache.coyote.http11.Http11NioProtocol - Initializing ProtocolHandler ["http-nio-8001"]
2021-04-19 12:09:31.539 [main] INFO  org.apache.catalina.core.StandardService - Starting service [Tomcat]
2021-04-19 12:09:31.540 [main] INFO  org.apache.catalina.core.StandardEngine - Starting Servlet engine: [Apache Tomcat/9.0.27]
2021-04-19 12:09:31.645 [main] INFO  o.a.c.core.ContainerBase.[Tomcat].[localhost].[/] - Initializing Spring embedded WebApplicationContext
2021-04-19 12:09:31.645 [main] INFO  org.springframework.web.context.ContextLoader - Root WebApplicationContext: initialization completed in 2193 ms
2021-04-19 12:09:31.842 [main] INFO  com.zaxxer.hikari.HikariDataSource - HikariPool-1 - Starting...
2021-04-19 12:09:32.029 [main] INFO  com.zaxxer.hikari.HikariDataSource - HikariPool-1 - Start completed.
2021-04-19 12:09:32.514 [main] INFO  s.d.s.w.PropertySourcedRequestMappingHandlerMapping - Mapped URL path [/v2/api-docs] onto method [springfox.documentation.swagger2.web.Swagger2Controller#getDocumentation(String, HttpServletRequest)]
2021-04-19 12:09:32.623 [main] INFO  o.s.scheduling.concurrent.ThreadPoolTaskExecutor - Initializing ExecutorService 'applicationTaskExecutor'
2021-04-19 12:09:33.076 [main] INFO  s.d.s.web.plugins.DocumentationPluginsBootstrapper - Context refreshed
2021-04-19 12:09:33.092 [main] INFO  s.d.s.web.plugins.DocumentationPluginsBootstrapper - Found 1 custom documentation plugin(s)
2021-04-19 12:09:33.123 [main] INFO  s.d.spring.web.scanners.ApiListingReferenceScanner - Scanning for api listing references
2021-04-19 12:09:33.310 [main] INFO  org.apache.coyote.http11.Http11NioProtocol - Starting ProtocolHandler ["http-nio-8001"]
2021-04-19 12:09:33.326 [main] INFO  o.s.boot.web.embedded.tomcat.TomcatWebServer - Tomcat started on port(s): 8001 (http) with context path ''
2021-04-19 12:09:33.342 [main] INFO  com.zt.edu.TeaApplication - Started TeaApplication in 4.789 seconds (JVM running for 6.471)
2021-04-19 12:09:57.559 [http-nio-8001-exec-1] INFO  o.a.c.core.ContainerBase.[Tomcat].[localhost].[/] - Initializing Spring DispatcherServlet 'dispatcherServlet'
2021-04-19 12:09:57.560 [http-nio-8001-exec-1] INFO  org.springframework.web.servlet.DispatcherServlet - Initializing Servlet 'dispatcherServlet'
2021-04-19 12:09:57.570 [http-nio-8001-exec-1] INFO  org.springframework.web.servlet.DispatcherServlet - Completed initialization in 10 ms
2021-04-19 14:44:22.830 [main] INFO  com.zt.edu.TeaApplication - Starting TeaApplication on DESKTOP-O7LVAPG with PID 22836 (F:\IdeaFile\IdeaFile1\bishe_parent\service\service_edu\target\classes started by 26225 in F:\IdeaFile\IdeaFile1\bishe_parent)
2021-04-19 14:44:22.834 [main] INFO  com.zt.edu.TeaApplication - The following profiles are active: dev
2021-04-19 14:44:24.391 [main] INFO  o.s.d.r.config.RepositoryConfigurationDelegate - Multiple Spring Data modules found, entering strict repository configuration mode!
2021-04-19 14:44:24.394 [main] INFO  o.s.d.r.config.RepositoryConfigurationDelegate - Bootstrapping Spring Data repositories in DEFAULT mode.
2021-04-19 14:44:24.426 [main] INFO  o.s.d.r.config.RepositoryConfigurationDelegate - Finished Spring Data repository scanning in 13ms. Found 0 repository interfaces.
2021-04-19 14:44:24.751 [main] INFO  o.s.c.s.PostProcessorRegistrationDelegate$BeanPostProcessorChecker - Bean 'org.springframework.transaction.annotation.ProxyTransactionManagementConfiguration' of type [org.springframework.transaction.annotation.ProxyTransactionManagementConfiguration] is not eligible for getting processed by all BeanPostProcessors (for example: not eligible for auto-proxying)
2021-04-19 14:44:25.009 [main] INFO  o.s.boot.web.embedded.tomcat.TomcatWebServer - Tomcat initialized with port(s): 8001 (http)
2021-04-19 14:44:25.019 [main] INFO  org.apache.coyote.http11.Http11NioProtocol - Initializing ProtocolHandler ["http-nio-8001"]
2021-04-19 14:44:25.020 [main] INFO  org.apache.catalina.core.StandardService - Starting service [Tomcat]
2021-04-19 14:44:25.021 [main] INFO  org.apache.catalina.core.StandardEngine - Starting Servlet engine: [Apache Tomcat/9.0.27]
2021-04-19 14:44:25.134 [main] INFO  o.a.c.core.ContainerBase.[Tomcat].[localhost].[/] - Initializing Spring embedded WebApplicationContext
2021-04-19 14:44:25.134 [main] INFO  org.springframework.web.context.ContextLoader - Root WebApplicationContext: initialization completed in 2131 ms
2021-04-19 14:44:25.340 [main] INFO  com.zaxxer.hikari.HikariDataSource - HikariPool-1 - Starting...
2021-04-19 14:44:25.527 [main] INFO  com.zaxxer.hikari.HikariDataSource - HikariPool-1 - Start completed.
2021-04-19 14:44:26.082 [main] INFO  s.d.s.w.PropertySourcedRequestMappingHandlerMapping - Mapped URL path [/v2/api-docs] onto method [springfox.documentation.swagger2.web.Swagger2Controller#getDocumentation(String, HttpServletRequest)]
2021-04-19 14:44:26.188 [main] INFO  o.s.scheduling.concurrent.ThreadPoolTaskExecutor - Initializing ExecutorService 'applicationTaskExecutor'
2021-04-19 14:44:26.657 [main] INFO  s.d.s.web.plugins.DocumentationPluginsBootstrapper - Context refreshed
2021-04-19 14:44:26.673 [main] INFO  s.d.s.web.plugins.DocumentationPluginsBootstrapper - Found 1 custom documentation plugin(s)
2021-04-19 14:44:26.712 [main] INFO  s.d.spring.web.scanners.ApiListingReferenceScanner - Scanning for api listing references
2021-04-19 14:44:26.906 [main] INFO  org.apache.coyote.http11.Http11NioProtocol - Starting ProtocolHandler ["http-nio-8001"]
2021-04-19 14:44:26.931 [main] INFO  o.s.boot.web.embedded.tomcat.TomcatWebServer - Tomcat started on port(s): 8001 (http) with context path ''
2021-04-19 14:44:26.934 [main] INFO  com.zt.edu.TeaApplication - Started TeaApplication in 4.989 seconds (JVM running for 6.742)
2021-04-19 14:49:07.726 [http-nio-8001-exec-1] INFO  o.a.c.core.ContainerBase.[Tomcat].[localhost].[/] - Initializing Spring DispatcherServlet 'dispatcherServlet'
2021-04-19 14:49:07.728 [http-nio-8001-exec-1] INFO  org.springframework.web.servlet.DispatcherServlet - Initializing Servlet 'dispatcherServlet'
2021-04-19 14:49:07.746 [http-nio-8001-exec-1] INFO  org.springframework.web.servlet.DispatcherServlet - Completed initialization in 17 ms
2021-04-19 14:56:01.091 [main] INFO  com.zt.edu.TeaApplication - Starting TeaApplication on DESKTOP-O7LVAPG with PID 20132 (F:\IdeaFile\IdeaFile1\bishe_parent\service\service_edu\target\classes started by 26225 in F:\IdeaFile\IdeaFile1\bishe_parent)
2021-04-19 14:56:01.101 [main] INFO  com.zt.edu.TeaApplication - The following profiles are active: dev
2021-04-19 14:56:03.732 [main] INFO  o.s.d.r.config.RepositoryConfigurationDelegate - Multiple Spring Data modules found, entering strict repository configuration mode!
2021-04-19 14:56:03.738 [main] INFO  o.s.d.r.config.RepositoryConfigurationDelegate - Bootstrapping Spring Data repositories in DEFAULT mode.
2021-04-19 14:56:03.779 [main] INFO  o.s.d.r.config.RepositoryConfigurationDelegate - Finished Spring Data repository scanning in 15ms. Found 0 repository interfaces.
2021-04-19 14:56:04.343 [main] INFO  o.s.c.s.PostProcessorRegistrationDelegate$BeanPostProcessorChecker - Bean 'org.springframework.transaction.annotation.ProxyTransactionManagementConfiguration' of type [org.springframework.transaction.annotation.ProxyTransactionManagementConfiguration] is not eligible for getting processed by all BeanPostProcessors (for example: not eligible for auto-proxying)
2021-04-19 14:56:04.784 [main] INFO  o.s.boot.web.embedded.tomcat.TomcatWebServer - Tomcat initialized with port(s): 8001 (http)
2021-04-19 14:56:04.801 [main] INFO  org.apache.coyote.http11.Http11NioProtocol - Initializing ProtocolHandler ["http-nio-8001"]
2021-04-19 14:56:04.803 [main] INFO  org.apache.catalina.core.StandardService - Starting service [Tomcat]
2021-04-19 14:56:04.804 [main] INFO  org.apache.catalina.core.StandardEngine - Starting Servlet engine: [Apache Tomcat/9.0.27]
2021-04-19 14:56:04.986 [main] INFO  o.a.c.core.ContainerBase.[Tomcat].[localhost].[/] - Initializing Spring embedded WebApplicationContext
2021-04-19 14:56:04.987 [main] INFO  org.springframework.web.context.ContextLoader - Root WebApplicationContext: initialization completed in 3701 ms
2021-04-19 14:56:05.307 [main] INFO  com.zaxxer.hikari.HikariDataSource - HikariPool-1 - Starting...
2021-04-19 14:56:05.643 [main] INFO  com.zaxxer.hikari.HikariDataSource - HikariPool-1 - Start completed.
2021-04-19 14:56:06.445 [main] INFO  s.d.s.w.PropertySourcedRequestMappingHandlerMapping - Mapped URL path [/v2/api-docs] onto method [springfox.documentation.swagger2.web.Swagger2Controller#getDocumentation(String, HttpServletRequest)]
2021-04-19 14:56:06.622 [main] INFO  o.s.scheduling.concurrent.ThreadPoolTaskExecutor - Initializing ExecutorService 'applicationTaskExecutor'
2021-04-19 14:56:07.482 [main] INFO  s.d.s.web.plugins.DocumentationPluginsBootstrapper - Context refreshed
2021-04-19 14:56:07.535 [main] INFO  s.d.s.web.plugins.DocumentationPluginsBootstrapper - Found 1 custom documentation plugin(s)
2021-04-19 14:56:07.643 [main] INFO  s.d.spring.web.scanners.ApiListingReferenceScanner - Scanning for api listing references
2021-04-19 14:56:08.065 [main] INFO  org.apache.coyote.http11.Http11NioProtocol - Starting ProtocolHandler ["http-nio-8001"]
2021-04-19 14:56:08.114 [main] INFO  o.s.boot.web.embedded.tomcat.TomcatWebServer - Tomcat started on port(s): 8001 (http) with context path ''
2021-04-19 14:56:08.119 [main] INFO  com.zt.edu.TeaApplication - Started TeaApplication in 8.458 seconds (JVM running for 11.513)
2021-04-19 14:56:50.074 [http-nio-8001-exec-1] INFO  o.a.c.core.ContainerBase.[Tomcat].[localhost].[/] - Initializing Spring DispatcherServlet 'dispatcherServlet'
2021-04-19 14:56:50.075 [http-nio-8001-exec-1] INFO  org.springframework.web.servlet.DispatcherServlet - Initializing Servlet 'dispatcherServlet'
2021-04-19 14:56:50.084 [http-nio-8001-exec-1] INFO  org.springframework.web.servlet.DispatcherServlet - Completed initialization in 9 ms
