2021-05-16 13:08:39.836 [main] WARN  com.netflix.config.sources.URLConfigurationSource - No URLs will be polled as dynamic configuration sources.
2021-05-16 13:08:39.890 [main] WARN  com.netflix.config.sources.URLConfigurationSource - No URLs will be polled as dynamic configuration sources.
2021-05-16 13:26:35.063 [main] WARN  com.netflix.config.sources.URLConfigurationSource - No URLs will be polled as dynamic configuration sources.
2021-05-16 13:26:35.069 [main] WARN  com.netflix.config.sources.URLConfigurationSource - No URLs will be polled as dynamic configuration sources.
2021-05-16 14:58:02.900 [HikariPool-1 housekeeper] WARN  com.zaxxer.hikari.pool.HikariPool - HikariPool-1 - Thread starvation or clock leap detected (housekeeper delta=1h27m59s92ms162µs400ns).
2021-05-16 16:43:10.554 [main] WARN  org.mybatis.spring.mapper.ClassPathMapperScanner - Skipping MapperFactoryBean with name 'orderMapper' and 'com.zt.edu.mapper.OrderMapper' mapperInterface. Bean already defined with the same name!
2021-05-16 16:43:10.554 [main] WARN  org.mybatis.spring.mapper.ClassPathMapperScanner - Skipping MapperFactoryBean with name 'payLogMapper' and 'com.zt.edu.mapper.PayLogMapper' mapperInterface. Bean already defined with the same name!
2021-05-16 16:43:10.555 [main] WARN  org.mybatis.spring.mapper.ClassPathMapperScanner - Skipping MapperFactoryBean with name 'chapterMapper' and 'com.zt.edu.mapper.ChapterMapper' mapperInterface. Bean already defined with the same name!
2021-05-16 16:43:10.555 [main] WARN  org.mybatis.spring.mapper.ClassPathMapperScanner - Skipping MapperFactoryBean with name 'courseDescriptionMapper' and 'com.zt.edu.mapper.CourseDescriptionMapper' mapperInterface. Bean already defined with the same name!
2021-05-16 16:43:10.555 [main] WARN  org.mybatis.spring.mapper.ClassPathMapperScanner - Skipping MapperFactoryBean with name 'courseMapper' and 'com.zt.edu.mapper.CourseMapper' mapperInterface. Bean already defined with the same name!
2021-05-16 16:43:10.555 [main] WARN  org.mybatis.spring.mapper.ClassPathMapperScanner - Skipping MapperFactoryBean with name 'subjectMapper' and 'com.zt.edu.mapper.SubjectMapper' mapperInterface. Bean already defined with the same name!
2021-05-16 16:43:10.556 [main] WARN  org.mybatis.spring.mapper.ClassPathMapperScanner - Skipping MapperFactoryBean with name 'teacherMapper' and 'com.zt.edu.mapper.TeacherMapper' mapperInterface. Bean already defined with the same name!
2021-05-16 16:43:10.556 [main] WARN  org.mybatis.spring.mapper.ClassPathMapperScanner - Skipping MapperFactoryBean with name 'videoMapper' and 'com.zt.edu.mapper.VideoMapper' mapperInterface. Bean already defined with the same name!
2021-05-16 16:43:10.556 [main] WARN  org.mybatis.spring.mapper.ClassPathMapperScanner - Skipping MapperFactoryBean with name 'ucenterMemberMapper' and 'com.zt.edu.mapper.UcenterMemberMapper' mapperInterface. Bean already defined with the same name!
2021-05-16 16:43:10.556 [main] WARN  org.mybatis.spring.mapper.ClassPathMapperScanner - No MyBatis mapper was found in '[com.zt.edu.mapper]' package. Please check your configuration.
2021-05-16 16:43:10.582 [main] WARN  org.mybatis.spring.mapper.ClassPathMapperScanner - Skipping MapperFactoryBean with name 'orderMapper' and 'com.zt.edu.mapper.OrderMapper' mapperInterface. Bean already defined with the same name!
2021-05-16 16:43:10.582 [main] WARN  org.mybatis.spring.mapper.ClassPathMapperScanner - Skipping MapperFactoryBean with name 'payLogMapper' and 'com.zt.edu.mapper.PayLogMapper' mapperInterface. Bean already defined with the same name!
2021-05-16 16:43:10.583 [main] WARN  org.mybatis.spring.mapper.ClassPathMapperScanner - Skipping MapperFactoryBean with name 'chapterMapper' and 'com.zt.edu.mapper.ChapterMapper' mapperInterface. Bean already defined with the same name!
2021-05-16 16:43:10.583 [main] WARN  org.mybatis.spring.mapper.ClassPathMapperScanner - Skipping MapperFactoryBean with name 'courseDescriptionMapper' and 'com.zt.edu.mapper.CourseDescriptionMapper' mapperInterface. Bean already defined with the same name!
2021-05-16 16:43:10.583 [main] WARN  org.mybatis.spring.mapper.ClassPathMapperScanner - Skipping MapperFactoryBean with name 'courseMapper' and 'com.zt.edu.mapper.CourseMapper' mapperInterface. Bean already defined with the same name!
2021-05-16 16:43:10.583 [main] WARN  org.mybatis.spring.mapper.ClassPathMapperScanner - Skipping MapperFactoryBean with name 'subjectMapper' and 'com.zt.edu.mapper.SubjectMapper' mapperInterface. Bean already defined with the same name!
2021-05-16 16:43:10.583 [main] WARN  org.mybatis.spring.mapper.ClassPathMapperScanner - Skipping MapperFactoryBean with name 'teacherMapper' and 'com.zt.edu.mapper.TeacherMapper' mapperInterface. Bean already defined with the same name!
2021-05-16 16:43:10.584 [main] WARN  org.mybatis.spring.mapper.ClassPathMapperScanner - Skipping MapperFactoryBean with name 'videoMapper' and 'com.zt.edu.mapper.VideoMapper' mapperInterface. Bean already defined with the same name!
2021-05-16 16:43:10.584 [main] WARN  org.mybatis.spring.mapper.ClassPathMapperScanner - Skipping MapperFactoryBean with name 'ucenterMemberMapper' and 'com.zt.edu.mapper.UcenterMemberMapper' mapperInterface. Bean already defined with the same name!
2021-05-16 16:43:10.584 [main] WARN  org.mybatis.spring.mapper.ClassPathMapperScanner - No MyBatis mapper was found in '[com.zt.edu.mapper]' package. Please check your configuration.
2021-05-16 16:43:13.009 [main] WARN  o.s.b.w.s.c.AnnotationConfigServletWebServerApplicationContext - Exception encountered during context initialization - cancelling refresh attempt: org.springframework.beans.factory.UnsatisfiedDependencyException: Error creating bean with name 'orderController': Unsatisfied dependency expressed through field 'orderService'; nested exception is org.springframework.beans.factory.UnsatisfiedDependencyException: Error creating bean with name 'orderServiceImpl': Unsatisfied dependency expressed through field 'courseFrontController'; nested exception is org.springframework.beans.factory.UnsatisfiedDependencyException: Error creating bean with name 'courseFrontController': Unsatisfied dependency expressed through field 'chapterService'; nested exception is org.springframework.beans.factory.UnsatisfiedDependencyException: Error creating bean with name 'chapterServiceImpl': Unsatisfied dependency expressed through field 'videoService'; nested exception is org.springframework.beans.factory.UnsatisfiedDependencyException: Error creating bean with name 'videoServiceImpl': Unsatisfied dependency expressed through field 'vodClient'; nested exception is org.springframework.beans.factory.BeanCreationException: Error creating bean with name 'com.zt.edu.client.VodClient': FactoryBean threw exception on object creation; nested exception is java.lang.IllegalStateException: Incompatible fallback instance. Fallback/fallbackFactory of type class com.zt.edu.client.VodFileDegradeFeignClient is not assignable to interface com.zt.edu.client.VodClient for feign client service-vod
2021-05-16 19:07:46.169 [HikariPool-1 housekeeper] WARN  com.zaxxer.hikari.pool.HikariPool - HikariPool-1 - Thread starvation or clock leap detected (housekeeper delta=37m11s485ms385µs800ns).
2021-05-16 22:40:37.834 [main] WARN  com.netflix.config.sources.URLConfigurationSource - No URLs will be polled as dynamic configuration sources.
2021-05-16 22:40:37.840 [main] WARN  com.netflix.config.sources.URLConfigurationSource - No URLs will be polled as dynamic configuration sources.
2021-05-16 22:53:10.521 [main] WARN  com.netflix.config.sources.URLConfigurationSource - No URLs will be polled as dynamic configuration sources.
2021-05-16 22:53:10.526 [main] WARN  com.netflix.config.sources.URLConfigurationSource - No URLs will be polled as dynamic configuration sources.
2021-05-16 23:32:43.728 [main] WARN  com.netflix.config.sources.URLConfigurationSource - No URLs will be polled as dynamic configuration sources.
2021-05-16 23:32:43.734 [main] WARN  com.netflix.config.sources.URLConfigurationSource - No URLs will be polled as dynamic configuration sources.
2021-05-16 23:32:44.310 [main] WARN  o.s.b.w.s.c.AnnotationConfigServletWebServerApplicationContext - Exception encountered during context initialization - cancelling refresh attempt: org.springframework.beans.factory.UnsatisfiedDependencyException: Error creating bean with name 'org.springframework.cloud.client.serviceregistry.AutoServiceRegistrationAutoConfiguration': Unsatisfied dependency expressed through field 'autoServiceRegistration'; nested exception is org.springframework.beans.factory.NoUniqueBeanDefinitionException: No qualifying bean of type 'org.springframework.cloud.client.serviceregistry.AutoServiceRegistration' available: expected single matching bean but found 2: nacosAutoServiceRegistration,eurekaAutoServiceRegistration
2021-05-16 23:33:49.961 [main] WARN  com.netflix.config.sources.URLConfigurationSource - No URLs will be polled as dynamic configuration sources.
2021-05-16 23:33:49.968 [main] WARN  com.netflix.config.sources.URLConfigurationSource - No URLs will be polled as dynamic configuration sources.
2021-05-16 23:33:50.607 [main] WARN  o.s.b.w.s.c.AnnotationConfigServletWebServerApplicationContext - Exception encountered during context initialization - cancelling refresh attempt: org.springframework.beans.factory.UnsatisfiedDependencyException: Error creating bean with name 'org.springframework.cloud.client.serviceregistry.AutoServiceRegistrationAutoConfiguration': Unsatisfied dependency expressed through field 'autoServiceRegistration'; nested exception is org.springframework.beans.factory.NoUniqueBeanDefinitionException: No qualifying bean of type 'org.springframework.cloud.client.serviceregistry.AutoServiceRegistration' available: expected single matching bean but found 2: nacosAutoServiceRegistration,eurekaAutoServiceRegistration
2021-05-16 23:34:51.098 [main] WARN  com.netflix.config.sources.URLConfigurationSource - No URLs will be polled as dynamic configuration sources.
2021-05-16 23:34:51.104 [main] WARN  com.netflix.config.sources.URLConfigurationSource - No URLs will be polled as dynamic configuration sources.
2021-05-16 23:34:51.572 [main] WARN  o.s.b.w.s.c.AnnotationConfigServletWebServerApplicationContext - Exception encountered during context initialization - cancelling refresh attempt: org.springframework.beans.factory.UnsatisfiedDependencyException: Error creating bean with name 'org.springframework.cloud.client.serviceregistry.AutoServiceRegistrationAutoConfiguration': Unsatisfied dependency expressed through field 'autoServiceRegistration'; nested exception is org.springframework.beans.factory.NoUniqueBeanDefinitionException: No qualifying bean of type 'org.springframework.cloud.client.serviceregistry.AutoServiceRegistration' available: expected single matching bean but found 2: nacosAutoServiceRegistration,eurekaAutoServiceRegistration
2021-05-16 23:36:31.857 [main] WARN  com.netflix.config.sources.URLConfigurationSource - No URLs will be polled as dynamic configuration sources.
2021-05-16 23:36:31.863 [main] WARN  com.netflix.config.sources.URLConfigurationSource - No URLs will be polled as dynamic configuration sources.
2021-05-16 23:47:03.505 [HikariPool-1 housekeeper] WARN  com.zaxxer.hikari.pool.HikariPool - HikariPool-1 - Thread starvation or clock leap detected (housekeeper delta=10m3s101ms146µs700ns).
2021-05-16 23:55:18.243 [main] WARN  com.netflix.config.sources.URLConfigurationSource - No URLs will be polled as dynamic configuration sources.
2021-05-16 23:55:18.249 [main] WARN  com.netflix.config.sources.URLConfigurationSource - No URLs will be polled as dynamic configuration sources.
2021-05-16 23:57:10.439 [main] WARN  com.netflix.config.sources.URLConfigurationSource - No URLs will be polled as dynamic configuration sources.
2021-05-16 23:57:10.445 [main] WARN  com.netflix.config.sources.URLConfigurationSource - No URLs will be polled as dynamic configuration sources.
